[2020-08-30T15:40:02,569][INFO ][o.e.n.Node               ] [master] initializing ...
[2020-08-30T15:40:02,804][INFO ][o.e.e.NodeEnvironment    ] [master] using [1] data paths, mounts [[DATA (D:)]], net usable_space [809.4gb], net total_space [931.3gb], spins? [unknown], types [NTFS]
[2020-08-30T15:40:02,804][INFO ][o.e.e.NodeEnvironment    ] [master] heap size [1.9gb], compressed ordinary object pointers [true]
[2020-08-30T15:40:02,806][INFO ][o.e.n.Node               ] [master] node name [master], node ID [d7zZDF1FRYmHNO53r7iBwQ]
[2020-08-30T15:40:02,806][INFO ][o.e.n.Node               ] [master] version[5.6.0], pid[22092], build[781a835/2017-09-07T03:09:58.087Z], OS[Windows 10/10.0/amd64], JVM[Oracle Corporation/Java HotSpot(TM) 64-Bit Server VM/1.8.0_151/25.151-b12]
[2020-08-30T15:40:02,807][INFO ][o.e.n.Node               ] [master] JVM arguments [-Xms2g, -Xmx2g, -XX:+UseConcMarkSweepGC, -XX:CMSInitiatingOccupancyFraction=75, -XX:+UseCMSInitiatingOccupancyOnly, -XX:+AlwaysPreTouch, -Xss1m, -Djava.awt.headless=true, -Dfile.encoding=UTF-8, -Djna.nosys=true, -Djdk.io.permissionsUseCanonicalPath=true, -Dio.netty.noUnsafe=true, -Dio.netty.noKeySetOptimization=true, -Dio.netty.recycler.maxCapacityPerThread=0, -Dlog4j.shutdownHookEnabled=false, -Dlog4j2.disable.jmx=true, -Dlog4j.skipJansi=true, -XX:+HeapDumpOnOutOfMemoryError, -Delasticsearch, -Des.path.home=D:\Software\elasticsearch-5.6.0\elasticsearch-5.6.0]
[2020-08-30T15:40:03,807][INFO ][o.e.p.PluginsService     ] [master] loaded module [aggs-matrix-stats]
[2020-08-30T15:40:03,807][INFO ][o.e.p.PluginsService     ] [master] loaded module [ingest-common]
[2020-08-30T15:40:03,807][INFO ][o.e.p.PluginsService     ] [master] loaded module [lang-expression]
[2020-08-30T15:40:03,807][INFO ][o.e.p.PluginsService     ] [master] loaded module [lang-groovy]
[2020-08-30T15:40:03,807][INFO ][o.e.p.PluginsService     ] [master] loaded module [lang-mustache]
[2020-08-30T15:40:03,807][INFO ][o.e.p.PluginsService     ] [master] loaded module [lang-painless]
[2020-08-30T15:40:03,807][INFO ][o.e.p.PluginsService     ] [master] loaded module [parent-join]
[2020-08-30T15:40:03,807][INFO ][o.e.p.PluginsService     ] [master] loaded module [percolator]
[2020-08-30T15:40:03,807][INFO ][o.e.p.PluginsService     ] [master] loaded module [reindex]
[2020-08-30T15:40:03,807][INFO ][o.e.p.PluginsService     ] [master] loaded module [transport-netty3]
[2020-08-30T15:40:03,807][INFO ][o.e.p.PluginsService     ] [master] loaded module [transport-netty4]
[2020-08-30T15:40:03,808][INFO ][o.e.p.PluginsService     ] [master] no plugins loaded
[2020-08-30T15:40:06,434][INFO ][o.e.d.DiscoveryModule    ] [master] using discovery type [zen]
[2020-08-30T15:40:06,947][INFO ][o.e.n.Node               ] [master] initialized
[2020-08-30T15:40:06,947][INFO ][o.e.n.Node               ] [master] starting ...
[2020-08-30T15:40:07,993][INFO ][o.e.t.TransportService   ] [master] publish_address {127.0.0.1:9300}, bound_addresses {127.0.0.1:9300}
[2020-08-30T15:40:11,056][INFO ][o.e.c.s.ClusterService   ] [master] new_master {master}{d7zZDF1FRYmHNO53r7iBwQ}{Y0ypr6AJTQ6cP_frJQeGDg}{127.0.0.1}{127.0.0.1:9300}, reason: zen-disco-elected-as-master ([0] nodes joined)
[2020-08-30T15:40:11,091][INFO ][o.e.h.n.Netty4HttpServerTransport] [master] publish_address {127.0.0.1:9200}, bound_addresses {127.0.0.1:9200}
[2020-08-30T15:40:11,091][INFO ][o.e.n.Node               ] [master] started
[2020-08-30T15:40:11,133][INFO ][o.e.g.GatewayService     ] [master] recovered [0] indices into cluster_state
[2020-08-30T15:41:33,360][INFO ][o.e.n.Node               ] [master] stopping ...
[2020-08-30T15:41:33,374][INFO ][o.e.n.Node               ] [master] stopped
[2020-08-30T15:41:33,374][INFO ][o.e.n.Node               ] [master] closing ...
[2020-08-30T15:41:33,480][INFO ][o.e.n.Node               ] [master] closed
[2020-08-30T15:41:38,877][INFO ][o.e.n.Node               ] [master] initializing ...
[2020-08-30T15:41:38,996][INFO ][o.e.e.NodeEnvironment    ] [master] using [1] data paths, mounts [[DATA (D:)]], net usable_space [809.4gb], net total_space [931.3gb], spins? [unknown], types [NTFS]
[2020-08-30T15:41:38,996][INFO ][o.e.e.NodeEnvironment    ] [master] heap size [1.9gb], compressed ordinary object pointers [true]
[2020-08-30T15:41:38,999][INFO ][o.e.n.Node               ] [master] node name [master], node ID [d7zZDF1FRYmHNO53r7iBwQ]
[2020-08-30T15:41:39,000][INFO ][o.e.n.Node               ] [master] version[5.6.0], pid[25824], build[781a835/2017-09-07T03:09:58.087Z], OS[Windows 10/10.0/amd64], JVM[Oracle Corporation/Java HotSpot(TM) 64-Bit Server VM/1.8.0_151/25.151-b12]
[2020-08-30T15:41:39,001][INFO ][o.e.n.Node               ] [master] JVM arguments [-Xms2g, -Xmx2g, -XX:+UseConcMarkSweepGC, -XX:CMSInitiatingOccupancyFraction=75, -XX:+UseCMSInitiatingOccupancyOnly, -XX:+AlwaysPreTouch, -Xss1m, -Djava.awt.headless=true, -Dfile.encoding=UTF-8, -Djna.nosys=true, -Djdk.io.permissionsUseCanonicalPath=true, -Dio.netty.noUnsafe=true, -Dio.netty.noKeySetOptimization=true, -Dio.netty.recycler.maxCapacityPerThread=0, -Dlog4j.shutdownHookEnabled=false, -Dlog4j2.disable.jmx=true, -Dlog4j.skipJansi=true, -XX:+HeapDumpOnOutOfMemoryError, -Delasticsearch, -Des.path.home=D:\Software\elasticsearch-5.6.0\elasticsearch-5.6.0]
[2020-08-30T15:41:39,771][INFO ][o.e.p.PluginsService     ] [master] loaded module [aggs-matrix-stats]
[2020-08-30T15:41:39,771][INFO ][o.e.p.PluginsService     ] [master] loaded module [ingest-common]
[2020-08-30T15:41:39,772][INFO ][o.e.p.PluginsService     ] [master] loaded module [lang-expression]
[2020-08-30T15:41:39,772][INFO ][o.e.p.PluginsService     ] [master] loaded module [lang-groovy]
[2020-08-30T15:41:39,772][INFO ][o.e.p.PluginsService     ] [master] loaded module [lang-mustache]
[2020-08-30T15:41:39,772][INFO ][o.e.p.PluginsService     ] [master] loaded module [lang-painless]
[2020-08-30T15:41:39,772][INFO ][o.e.p.PluginsService     ] [master] loaded module [parent-join]
[2020-08-30T15:41:39,773][INFO ][o.e.p.PluginsService     ] [master] loaded module [percolator]
[2020-08-30T15:41:39,773][INFO ][o.e.p.PluginsService     ] [master] loaded module [reindex]
[2020-08-30T15:41:39,773][INFO ][o.e.p.PluginsService     ] [master] loaded module [transport-netty3]
[2020-08-30T15:41:39,773][INFO ][o.e.p.PluginsService     ] [master] loaded module [transport-netty4]
[2020-08-30T15:41:39,774][INFO ][o.e.p.PluginsService     ] [master] no plugins loaded
[2020-08-30T15:41:41,765][INFO ][o.e.d.DiscoveryModule    ] [master] using discovery type [zen]
[2020-08-30T15:41:42,206][INFO ][o.e.n.Node               ] [master] initialized
[2020-08-30T15:41:42,206][INFO ][o.e.n.Node               ] [master] starting ...
[2020-08-30T15:41:42,960][INFO ][o.e.t.TransportService   ] [master] publish_address {127.0.0.1:9300}, bound_addresses {127.0.0.1:9300}
[2020-08-30T15:41:46,010][INFO ][o.e.c.s.ClusterService   ] [master] new_master {master}{d7zZDF1FRYmHNO53r7iBwQ}{IRVUqQW1SqqD89W8rsBMzA}{127.0.0.1}{127.0.0.1:9300}, reason: zen-disco-elected-as-master ([0] nodes joined)
[2020-08-30T15:41:46,040][INFO ][o.e.h.n.Netty4HttpServerTransport] [master] publish_address {127.0.0.1:9200}, bound_addresses {127.0.0.1:9200}
[2020-08-30T15:41:46,040][INFO ][o.e.n.Node               ] [master] started
[2020-08-30T15:41:46,089][INFO ][o.e.g.GatewayService     ] [master] recovered [0] indices into cluster_state
[2020-08-30T15:51:16,712][INFO ][o.e.c.s.ClusterService   ] [master] added {{slave1}{kcLGvbNZQW2aJ23dRYvpJQ}{QpbxEMVHRS-OU_NjvwzLTA}{127.0.0.1}{127.0.0.1:9301},}, reason: zen-disco-node-join[{slave1}{kcLGvbNZQW2aJ23dRYvpJQ}{QpbxEMVHRS-OU_NjvwzLTA}{127.0.0.1}{127.0.0.1:9301}]
[2020-08-30T15:51:17,763][WARN ][o.e.d.z.ElectMasterService] [master] value for setting "discovery.zen.minimum_master_nodes" is too low. This can result in data loss! Please set it to at least a quorum of master-eligible nodes (current value: [-1], total number of master-eligible nodes used for publishing in this round: [2])
[2020-08-30T16:01:01,984][INFO ][o.e.c.m.MetaDataCreateIndexService] [master] [book] creating index, cause [api], templates [], shards [5]/[1], mappings []
[2020-08-30T16:01:05,370][INFO ][o.e.c.r.a.AllocationService] [master] Cluster health status changed from [YELLOW] to [GREEN] (reason: [shards started [[book][4]] ...]).
[2020-08-30T16:04:30,595][INFO ][o.e.c.m.MetaDataMappingService] [master] [book/ZZjm1BMMRrC4aM1lkdQQHQ] create_mapping [novel]
[2020-08-30T16:13:24,025][INFO ][o.e.c.m.MetaDataCreateIndexService] [master] [people] creating index, cause [api], templates [], shards [3]/[1], mappings [man, women]
[2020-08-30T16:13:26,082][INFO ][o.e.c.r.a.AllocationService] [master] Cluster health status changed from [YELLOW] to [GREEN] (reason: [shards started [[people][2], [people][0]] ...]).
[2020-08-30T16:35:48,225][DEBUG][o.e.a.s.TransportSearchAction] [master] [people][2], node[kcLGvbNZQW2aJ23dRYvpJQ], [R], s[STARTED], a[id=qMYba6V5RyC9uZgDi2wLHw]: Failed to execute [SearchRequest{searchType=QUERY_THEN_FETCH, indices=[people], indicesOptions=IndicesOptions[id=38, ignore_unavailable=false, allow_no_indices=true, expand_wildcards_open=true, expand_wildcards_closed=false, allow_alisases_to_multiple_indices=true, forbid_closed_indices=true], types=[], routing='null', preference='null', requestCache=null, scroll=null, maxConcurrentShardRequests=10, batchedReduceSize=512, preFilterShardSize=128, source={
  "from" : 1,
  "size" : 10,
  "query" : {
    "match" : {
      "country" : {
        "query" : "Ireland",
        "operator" : "OR",
        "prefix_length" : 0,
        "max_expansions" : 50,
        "fuzzy_transpositions" : true,
        "lenient" : false,
        "zero_terms_query" : "NONE",
        "boost" : 1.0
      }
    }
  },
  "sort" : [
    {
      "name" : {
        "order" : "desc"
      }
    }
  ]
}}] lastShard [true]
org.elasticsearch.transport.RemoteTransportException: [slave1][127.0.0.1:9301][indices:data/read/search[phase/query]]
Caused by: java.lang.IllegalArgumentException: Fielddata is disabled on text fields by default. Set fielddata=true on [name] in order to load fielddata in memory by uninverting the inverted index. Note that this can however use significant memory. Alternatively use a keyword field instead.
	at org.elasticsearch.index.mapper.TextFieldMapper$TextFieldType.fielddataBuilder(TextFieldMapper.java:336) ~[elasticsearch-5.6.0.jar:5.6.0]
	at org.elasticsearch.index.fielddata.IndexFieldDataService.getForField(IndexFieldDataService.java:111) ~[elasticsearch-5.6.0.jar:5.6.0]
	at org.elasticsearch.index.query.QueryShardContext.getForField(QueryShardContext.java:166) ~[elasticsearch-5.6.0.jar:5.6.0]
	at org.elasticsearch.search.sort.FieldSortBuilder.build(FieldSortBuilder.java:277) ~[elasticsearch-5.6.0.jar:5.6.0]
	at org.elasticsearch.search.sort.SortBuilder.buildSort(SortBuilder.java:156) ~[elasticsearch-5.6.0.jar:5.6.0]
	at org.elasticsearch.search.SearchService.parseSource(SearchService.java:634) ~[elasticsearch-5.6.0.jar:5.6.0]
	at org.elasticsearch.search.SearchService.createContext(SearchService.java:485) ~[elasticsearch-5.6.0.jar:5.6.0]
	at org.elasticsearch.search.SearchService.createAndPutContext(SearchService.java:461) ~[elasticsearch-5.6.0.jar:5.6.0]
	at org.elasticsearch.search.SearchService.executeQueryPhase(SearchService.java:257) ~[elasticsearch-5.6.0.jar:5.6.0]
	at org.elasticsearch.action.search.SearchTransportService$6.messageReceived(SearchTransportService.java:340) ~[elasticsearch-5.6.0.jar:5.6.0]
	at org.elasticsearch.action.search.SearchTransportService$6.messageReceived(SearchTransportService.java:337) ~[elasticsearch-5.6.0.jar:5.6.0]
	at org.elasticsearch.transport.RequestHandlerRegistry.processMessageReceived(RequestHandlerRegistry.java:69) ~[elasticsearch-5.6.0.jar:5.6.0]
	at org.elasticsearch.transport.TcpTransport$RequestHandler.doRun(TcpTransport.java:1533) ~[elasticsearch-5.6.0.jar:5.6.0]
	at org.elasticsearch.common.util.concurrent.ThreadContext$ContextPreservingAbstractRunnable.doRun(ThreadContext.java:638) ~[elasticsearch-5.6.0.jar:5.6.0]
	at org.elasticsearch.common.util.concurrent.AbstractRunnable.run(AbstractRunnable.java:37) ~[elasticsearch-5.6.0.jar:5.6.0]
	at java.util.concurrent.ThreadPoolExecutor.runWorker(ThreadPoolExecutor.java:1149) ~[?:1.8.0_151]
	at java.util.concurrent.ThreadPoolExecutor$Worker.run(ThreadPoolExecutor.java:624) ~[?:1.8.0_151]
	at java.lang.Thread.run(Thread.java:748) [?:1.8.0_151]
[2020-08-30T16:35:48,225][DEBUG][o.e.a.s.TransportSearchAction] [master] [people][0], node[kcLGvbNZQW2aJ23dRYvpJQ], [R], s[STARTED], a[id=k_GoEj8ZQd6pWL9fZ6xlqA]: Failed to execute [SearchRequest{searchType=QUERY_THEN_FETCH, indices=[people], indicesOptions=IndicesOptions[id=38, ignore_unavailable=false, allow_no_indices=true, expand_wildcards_open=true, expand_wildcards_closed=false, allow_alisases_to_multiple_indices=true, forbid_closed_indices=true], types=[], routing='null', preference='null', requestCache=null, scroll=null, maxConcurrentShardRequests=10, batchedReduceSize=512, preFilterShardSize=128, source={
  "from" : 1,
  "size" : 10,
  "query" : {
    "match" : {
      "country" : {
        "query" : "Ireland",
        "operator" : "OR",
        "prefix_length" : 0,
        "max_expansions" : 50,
        "fuzzy_transpositions" : true,
        "lenient" : false,
        "zero_terms_query" : "NONE",
        "boost" : 1.0
      }
    }
  },
  "sort" : [
    {
      "name" : {
        "order" : "desc"
      }
    }
  ]
}}] lastShard [true]
org.elasticsearch.transport.RemoteTransportException: [slave1][127.0.0.1:9301][indices:data/read/search[phase/query]]
Caused by: java.lang.IllegalArgumentException: Fielddata is disabled on text fields by default. Set fielddata=true on [name] in order to load fielddata in memory by uninverting the inverted index. Note that this can however use significant memory. Alternatively use a keyword field instead.
	at org.elasticsearch.index.mapper.TextFieldMapper$TextFieldType.fielddataBuilder(TextFieldMapper.java:336) ~[elasticsearch-5.6.0.jar:5.6.0]
	at org.elasticsearch.index.fielddata.IndexFieldDataService.getForField(IndexFieldDataService.java:111) ~[elasticsearch-5.6.0.jar:5.6.0]
	at org.elasticsearch.index.query.QueryShardContext.getForField(QueryShardContext.java:166) ~[elasticsearch-5.6.0.jar:5.6.0]
	at org.elasticsearch.search.sort.FieldSortBuilder.build(FieldSortBuilder.java:277) ~[elasticsearch-5.6.0.jar:5.6.0]
	at org.elasticsearch.search.sort.SortBuilder.buildSort(SortBuilder.java:156) ~[elasticsearch-5.6.0.jar:5.6.0]
	at org.elasticsearch.search.SearchService.parseSource(SearchService.java:634) ~[elasticsearch-5.6.0.jar:5.6.0]
	at org.elasticsearch.search.SearchService.createContext(SearchService.java:485) ~[elasticsearch-5.6.0.jar:5.6.0]
	at org.elasticsearch.search.SearchService.createAndPutContext(SearchService.java:461) ~[elasticsearch-5.6.0.jar:5.6.0]
	at org.elasticsearch.search.SearchService.executeQueryPhase(SearchService.java:257) ~[elasticsearch-5.6.0.jar:5.6.0]
	at org.elasticsearch.action.search.SearchTransportService$6.messageReceived(SearchTransportService.java:340) ~[elasticsearch-5.6.0.jar:5.6.0]
	at org.elasticsearch.action.search.SearchTransportService$6.messageReceived(SearchTransportService.java:337) ~[elasticsearch-5.6.0.jar:5.6.0]
	at org.elasticsearch.transport.RequestHandlerRegistry.processMessageReceived(RequestHandlerRegistry.java:69) ~[elasticsearch-5.6.0.jar:5.6.0]
	at org.elasticsearch.transport.TcpTransport$RequestHandler.doRun(TcpTransport.java:1533) ~[elasticsearch-5.6.0.jar:5.6.0]
	at org.elasticsearch.common.util.concurrent.ThreadContext$ContextPreservingAbstractRunnable.doRun(ThreadContext.java:638) ~[elasticsearch-5.6.0.jar:5.6.0]
	at org.elasticsearch.common.util.concurrent.AbstractRunnable.run(AbstractRunnable.java:37) ~[elasticsearch-5.6.0.jar:5.6.0]
	at java.util.concurrent.ThreadPoolExecutor.runWorker(ThreadPoolExecutor.java:1149) ~[?:1.8.0_151]
	at java.util.concurrent.ThreadPoolExecutor$Worker.run(ThreadPoolExecutor.java:624) ~[?:1.8.0_151]
	at java.lang.Thread.run(Thread.java:748) [?:1.8.0_151]
[2020-08-30T16:35:48,225][DEBUG][o.e.a.s.TransportSearchAction] [master] [people][1], node[d7zZDF1FRYmHNO53r7iBwQ], [R], s[STARTED], a[id=HVOqwb4JT0Gx1RbaF5KJsQ]: Failed to execute [SearchRequest{searchType=QUERY_THEN_FETCH, indices=[people], indicesOptions=IndicesOptions[id=38, ignore_unavailable=false, allow_no_indices=true, expand_wildcards_open=true, expand_wildcards_closed=false, allow_alisases_to_multiple_indices=true, forbid_closed_indices=true], types=[], routing='null', preference='null', requestCache=null, scroll=null, maxConcurrentShardRequests=10, batchedReduceSize=512, preFilterShardSize=128, source={
  "from" : 1,
  "size" : 10,
  "query" : {
    "match" : {
      "country" : {
        "query" : "Ireland",
        "operator" : "OR",
        "prefix_length" : 0,
        "max_expansions" : 50,
        "fuzzy_transpositions" : true,
        "lenient" : false,
        "zero_terms_query" : "NONE",
        "boost" : 1.0
      }
    }
  },
  "sort" : [
    {
      "name" : {
        "order" : "desc"
      }
    }
  ]
}}]
org.elasticsearch.transport.RemoteTransportException: [master][127.0.0.1:9300][indices:data/read/search[phase/query]]
Caused by: java.lang.IllegalArgumentException: Fielddata is disabled on text fields by default. Set fielddata=true on [name] in order to load fielddata in memory by uninverting the inverted index. Note that this can however use significant memory. Alternatively use a keyword field instead.
	at org.elasticsearch.index.mapper.TextFieldMapper$TextFieldType.fielddataBuilder(TextFieldMapper.java:336) ~[elasticsearch-5.6.0.jar:5.6.0]
	at org.elasticsearch.index.fielddata.IndexFieldDataService.getForField(IndexFieldDataService.java:111) ~[elasticsearch-5.6.0.jar:5.6.0]
	at org.elasticsearch.index.query.QueryShardContext.getForField(QueryShardContext.java:166) ~[elasticsearch-5.6.0.jar:5.6.0]
	at org.elasticsearch.search.sort.FieldSortBuilder.build(FieldSortBuilder.java:277) ~[elasticsearch-5.6.0.jar:5.6.0]
	at org.elasticsearch.search.sort.SortBuilder.buildSort(SortBuilder.java:156) ~[elasticsearch-5.6.0.jar:5.6.0]
	at org.elasticsearch.search.SearchService.parseSource(SearchService.java:634) ~[elasticsearch-5.6.0.jar:5.6.0]
	at org.elasticsearch.search.SearchService.createContext(SearchService.java:485) ~[elasticsearch-5.6.0.jar:5.6.0]
	at org.elasticsearch.search.SearchService.createAndPutContext(SearchService.java:461) ~[elasticsearch-5.6.0.jar:5.6.0]
	at org.elasticsearch.search.SearchService.executeQueryPhase(SearchService.java:257) ~[elasticsearch-5.6.0.jar:5.6.0]
	at org.elasticsearch.action.search.SearchTransportService$6.messageReceived(SearchTransportService.java:340) ~[elasticsearch-5.6.0.jar:5.6.0]
	at org.elasticsearch.action.search.SearchTransportService$6.messageReceived(SearchTransportService.java:337) ~[elasticsearch-5.6.0.jar:5.6.0]
	at org.elasticsearch.transport.RequestHandlerRegistry.processMessageReceived(RequestHandlerRegistry.java:69) ~[elasticsearch-5.6.0.jar:5.6.0]
	at org.elasticsearch.transport.TransportService$7.doRun(TransportService.java:644) [elasticsearch-5.6.0.jar:5.6.0]
	at org.elasticsearch.common.util.concurrent.ThreadContext$ContextPreservingAbstractRunnable.doRun(ThreadContext.java:638) [elasticsearch-5.6.0.jar:5.6.0]
	at org.elasticsearch.common.util.concurrent.AbstractRunnable.run(AbstractRunnable.java:37) [elasticsearch-5.6.0.jar:5.6.0]
	at java.util.concurrent.ThreadPoolExecutor.runWorker(ThreadPoolExecutor.java:1149) [?:1.8.0_151]
	at java.util.concurrent.ThreadPoolExecutor$Worker.run(ThreadPoolExecutor.java:624) [?:1.8.0_151]
	at java.lang.Thread.run(Thread.java:748) [?:1.8.0_151]
[2020-08-30T16:35:48,320][DEBUG][o.e.a.s.TransportSearchAction] [master] All shards failed for phase: [query]
org.elasticsearch.ElasticsearchException$1: Fielddata is disabled on text fields by default. Set fielddata=true on [name] in order to load fielddata in memory by uninverting the inverted index. Note that this can however use significant memory. Alternatively use a keyword field instead.
	at org.elasticsearch.ElasticsearchException.guessRootCauses(ElasticsearchException.java:618) ~[elasticsearch-5.6.0.jar:5.6.0]
	at org.elasticsearch.action.search.AbstractSearchAsyncAction.executeNextPhase(AbstractSearchAsyncAction.java:126) [elasticsearch-5.6.0.jar:5.6.0]
	at org.elasticsearch.action.search.AbstractSearchAsyncAction.onPhaseDone(AbstractSearchAsyncAction.java:241) [elasticsearch-5.6.0.jar:5.6.0]
	at org.elasticsearch.action.search.InitialSearchPhase.onShardFailure(InitialSearchPhase.java:90) [elasticsearch-5.6.0.jar:5.6.0]
	at org.elasticsearch.action.search.InitialSearchPhase.access$100(InitialSearchPhase.java:46) [elasticsearch-5.6.0.jar:5.6.0]
	at org.elasticsearch.action.search.InitialSearchPhase$1.onFailure(InitialSearchPhase.java:169) [elasticsearch-5.6.0.jar:5.6.0]
	at org.elasticsearch.action.ActionListenerResponseHandler.handleException(ActionListenerResponseHandler.java:51) [elasticsearch-5.6.0.jar:5.6.0]
	at org.elasticsearch.transport.TransportService$ContextRestoreResponseHandler.handleException(TransportService.java:1067) [elasticsearch-5.6.0.jar:5.6.0]
	at org.elasticsearch.transport.TransportService$DirectResponseChannel.processException(TransportService.java:1171) [elasticsearch-5.6.0.jar:5.6.0]
	at org.elasticsearch.transport.TransportService$DirectResponseChannel.sendResponse(TransportService.java:1149) [elasticsearch-5.6.0.jar:5.6.0]
	at org.elasticsearch.transport.TransportService$7.onFailure(TransportService.java:655) [elasticsearch-5.6.0.jar:5.6.0]
	at org.elasticsearch.common.util.concurrent.ThreadContext$ContextPreservingAbstractRunnable.onFailure(ThreadContext.java:623) [elasticsearch-5.6.0.jar:5.6.0]
	at org.elasticsearch.common.util.concurrent.AbstractRunnable.run(AbstractRunnable.java:39) [elasticsearch-5.6.0.jar:5.6.0]
	at java.util.concurrent.ThreadPoolExecutor.runWorker(ThreadPoolExecutor.java:1149) [?:1.8.0_151]
	at java.util.concurrent.ThreadPoolExecutor$Worker.run(ThreadPoolExecutor.java:624) [?:1.8.0_151]
	at java.lang.Thread.run(Thread.java:748) [?:1.8.0_151]
Caused by: java.lang.IllegalArgumentException: Fielddata is disabled on text fields by default. Set fielddata=true on [name] in order to load fielddata in memory by uninverting the inverted index. Note that this can however use significant memory. Alternatively use a keyword field instead.
	at org.elasticsearch.index.mapper.TextFieldMapper$TextFieldType.fielddataBuilder(TextFieldMapper.java:336) ~[elasticsearch-5.6.0.jar:5.6.0]
	at org.elasticsearch.index.fielddata.IndexFieldDataService.getForField(IndexFieldDataService.java:111) ~[elasticsearch-5.6.0.jar:5.6.0]
	at org.elasticsearch.index.query.QueryShardContext.getForField(QueryShardContext.java:166) ~[elasticsearch-5.6.0.jar:5.6.0]
	at org.elasticsearch.search.sort.FieldSortBuilder.build(FieldSortBuilder.java:277) ~[elasticsearch-5.6.0.jar:5.6.0]
	at org.elasticsearch.search.sort.SortBuilder.buildSort(SortBuilder.java:156) ~[elasticsearch-5.6.0.jar:5.6.0]
	at org.elasticsearch.search.SearchService.parseSource(SearchService.java:634) ~[elasticsearch-5.6.0.jar:5.6.0]
	at org.elasticsearch.search.SearchService.createContext(SearchService.java:485) ~[elasticsearch-5.6.0.jar:5.6.0]
	at org.elasticsearch.search.SearchService.createAndPutContext(SearchService.java:461) ~[elasticsearch-5.6.0.jar:5.6.0]
	at org.elasticsearch.search.SearchService.executeQueryPhase(SearchService.java:257) ~[elasticsearch-5.6.0.jar:5.6.0]
	at org.elasticsearch.action.search.SearchTransportService$6.messageReceived(SearchTransportService.java:340) ~[elasticsearch-5.6.0.jar:5.6.0]
	at org.elasticsearch.action.search.SearchTransportService$6.messageReceived(SearchTransportService.java:337) ~[elasticsearch-5.6.0.jar:5.6.0]
	at org.elasticsearch.transport.RequestHandlerRegistry.processMessageReceived(RequestHandlerRegistry.java:69) ~[elasticsearch-5.6.0.jar:5.6.0]
	at org.elasticsearch.transport.TcpTransport$RequestHandler.doRun(TcpTransport.java:1533) ~[elasticsearch-5.6.0.jar:5.6.0]
	at org.elasticsearch.common.util.concurrent.ThreadContext$ContextPreservingAbstractRunnable.doRun(ThreadContext.java:638) ~[elasticsearch-5.6.0.jar:5.6.0]
	at org.elasticsearch.common.util.concurrent.AbstractRunnable.run(AbstractRunnable.java:37) ~[elasticsearch-5.6.0.jar:5.6.0]
	... 3 more
[2020-08-30T16:36:26,029][DEBUG][o.e.a.s.TransportSearchAction] [master] [people][2], node[d7zZDF1FRYmHNO53r7iBwQ], [P], s[STARTED], a[id=-v5s5wvcSVeYZ-eIiD0ISw]: Failed to execute [SearchRequest{searchType=QUERY_THEN_FETCH, indices=[people], indicesOptions=IndicesOptions[id=38, ignore_unavailable=false, allow_no_indices=true, expand_wildcards_open=true, expand_wildcards_closed=false, allow_alisases_to_multiple_indices=true, forbid_closed_indices=true], types=[], routing='null', preference='null', requestCache=null, scroll=null, maxConcurrentShardRequests=10, batchedReduceSize=512, preFilterShardSize=128, source={
  "from" : 1,
  "size" : 10,
  "query" : {
    "match" : {
      "country" : {
        "query" : "Ireland",
        "operator" : "OR",
        "prefix_length" : 0,
        "max_expansions" : 50,
        "fuzzy_transpositions" : true,
        "lenient" : false,
        "zero_terms_query" : "NONE",
        "boost" : 1.0
      }
    }
  },
  "sort" : [
    {
      "name" : {
        "order" : "desc"
      }
    }
  ]
}}] lastShard [true]
org.elasticsearch.transport.RemoteTransportException: [master][127.0.0.1:9300][indices:data/read/search[phase/query]]
Caused by: java.lang.IllegalArgumentException: Fielddata is disabled on text fields by default. Set fielddata=true on [name] in order to load fielddata in memory by uninverting the inverted index. Note that this can however use significant memory. Alternatively use a keyword field instead.
	at org.elasticsearch.index.mapper.TextFieldMapper$TextFieldType.fielddataBuilder(TextFieldMapper.java:336) ~[elasticsearch-5.6.0.jar:5.6.0]
	at org.elasticsearch.index.fielddata.IndexFieldDataService.getForField(IndexFieldDataService.java:111) ~[elasticsearch-5.6.0.jar:5.6.0]
	at org.elasticsearch.index.query.QueryShardContext.getForField(QueryShardContext.java:166) ~[elasticsearch-5.6.0.jar:5.6.0]
	at org.elasticsearch.search.sort.FieldSortBuilder.build(FieldSortBuilder.java:277) ~[elasticsearch-5.6.0.jar:5.6.0]
	at org.elasticsearch.search.sort.SortBuilder.buildSort(SortBuilder.java:156) ~[elasticsearch-5.6.0.jar:5.6.0]
	at org.elasticsearch.search.SearchService.parseSource(SearchService.java:634) ~[elasticsearch-5.6.0.jar:5.6.0]
	at org.elasticsearch.search.SearchService.createContext(SearchService.java:485) ~[elasticsearch-5.6.0.jar:5.6.0]
	at org.elasticsearch.search.SearchService.createAndPutContext(SearchService.java:461) ~[elasticsearch-5.6.0.jar:5.6.0]
	at org.elasticsearch.search.SearchService.executeQueryPhase(SearchService.java:257) ~[elasticsearch-5.6.0.jar:5.6.0]
	at org.elasticsearch.action.search.SearchTransportService$6.messageReceived(SearchTransportService.java:340) ~[elasticsearch-5.6.0.jar:5.6.0]
	at org.elasticsearch.action.search.SearchTransportService$6.messageReceived(SearchTransportService.java:337) ~[elasticsearch-5.6.0.jar:5.6.0]
	at org.elasticsearch.transport.RequestHandlerRegistry.processMessageReceived(RequestHandlerRegistry.java:69) ~[elasticsearch-5.6.0.jar:5.6.0]
	at org.elasticsearch.transport.TransportService$7.doRun(TransportService.java:644) [elasticsearch-5.6.0.jar:5.6.0]
	at org.elasticsearch.common.util.concurrent.ThreadContext$ContextPreservingAbstractRunnable.doRun(ThreadContext.java:638) [elasticsearch-5.6.0.jar:5.6.0]
	at org.elasticsearch.common.util.concurrent.AbstractRunnable.run(AbstractRunnable.java:37) [elasticsearch-5.6.0.jar:5.6.0]
	at java.util.concurrent.ThreadPoolExecutor.runWorker(ThreadPoolExecutor.java:1149) [?:1.8.0_151]
	at java.util.concurrent.ThreadPoolExecutor$Worker.run(ThreadPoolExecutor.java:624) [?:1.8.0_151]
	at java.lang.Thread.run(Thread.java:748) [?:1.8.0_151]
[2020-08-30T16:36:26,041][DEBUG][o.e.a.s.TransportSearchAction] [master] [people][0], node[d7zZDF1FRYmHNO53r7iBwQ], [P], s[STARTED], a[id=vOJQuU2XQL2TO7hFgcM7YQ]: Failed to execute [SearchRequest{searchType=QUERY_THEN_FETCH, indices=[people], indicesOptions=IndicesOptions[id=38, ignore_unavailable=false, allow_no_indices=true, expand_wildcards_open=true, expand_wildcards_closed=false, allow_alisases_to_multiple_indices=true, forbid_closed_indices=true], types=[], routing='null', preference='null', requestCache=null, scroll=null, maxConcurrentShardRequests=10, batchedReduceSize=512, preFilterShardSize=128, source={
  "from" : 1,
  "size" : 10,
  "query" : {
    "match" : {
      "country" : {
        "query" : "Ireland",
        "operator" : "OR",
        "prefix_length" : 0,
        "max_expansions" : 50,
        "fuzzy_transpositions" : true,
        "lenient" : false,
        "zero_terms_query" : "NONE",
        "boost" : 1.0
      }
    }
  },
  "sort" : [
    {
      "name" : {
        "order" : "desc"
      }
    }
  ]
}}]
org.elasticsearch.transport.RemoteTransportException: [master][127.0.0.1:9300][indices:data/read/search[phase/query]]
Caused by: java.lang.IllegalArgumentException: Fielddata is disabled on text fields by default. Set fielddata=true on [name] in order to load fielddata in memory by uninverting the inverted index. Note that this can however use significant memory. Alternatively use a keyword field instead.
	at org.elasticsearch.index.mapper.TextFieldMapper$TextFieldType.fielddataBuilder(TextFieldMapper.java:336) ~[elasticsearch-5.6.0.jar:5.6.0]
	at org.elasticsearch.index.fielddata.IndexFieldDataService.getForField(IndexFieldDataService.java:111) ~[elasticsearch-5.6.0.jar:5.6.0]
	at org.elasticsearch.index.query.QueryShardContext.getForField(QueryShardContext.java:166) ~[elasticsearch-5.6.0.jar:5.6.0]
	at org.elasticsearch.search.sort.FieldSortBuilder.build(FieldSortBuilder.java:277) ~[elasticsearch-5.6.0.jar:5.6.0]
	at org.elasticsearch.search.sort.SortBuilder.buildSort(SortBuilder.java:156) ~[elasticsearch-5.6.0.jar:5.6.0]
	at org.elasticsearch.search.SearchService.parseSource(SearchService.java:634) ~[elasticsearch-5.6.0.jar:5.6.0]
	at org.elasticsearch.search.SearchService.createContext(SearchService.java:485) ~[elasticsearch-5.6.0.jar:5.6.0]
	at org.elasticsearch.search.SearchService.createAndPutContext(SearchService.java:461) ~[elasticsearch-5.6.0.jar:5.6.0]
	at org.elasticsearch.search.SearchService.executeQueryPhase(SearchService.java:257) ~[elasticsearch-5.6.0.jar:5.6.0]
	at org.elasticsearch.action.search.SearchTransportService$6.messageReceived(SearchTransportService.java:340) ~[elasticsearch-5.6.0.jar:5.6.0]
	at org.elasticsearch.action.search.SearchTransportService$6.messageReceived(SearchTransportService.java:337) ~[elasticsearch-5.6.0.jar:5.6.0]
	at org.elasticsearch.transport.RequestHandlerRegistry.processMessageReceived(RequestHandlerRegistry.java:69) ~[elasticsearch-5.6.0.jar:5.6.0]
	at org.elasticsearch.transport.TransportService$7.doRun(TransportService.java:644) [elasticsearch-5.6.0.jar:5.6.0]
	at org.elasticsearch.common.util.concurrent.ThreadContext$ContextPreservingAbstractRunnable.doRun(ThreadContext.java:638) [elasticsearch-5.6.0.jar:5.6.0]
	at org.elasticsearch.common.util.concurrent.AbstractRunnable.run(AbstractRunnable.java:37) [elasticsearch-5.6.0.jar:5.6.0]
	at java.util.concurrent.ThreadPoolExecutor.runWorker(ThreadPoolExecutor.java:1149) [?:1.8.0_151]
	at java.util.concurrent.ThreadPoolExecutor$Worker.run(ThreadPoolExecutor.java:624) [?:1.8.0_151]
	at java.lang.Thread.run(Thread.java:748) [?:1.8.0_151]
[2020-08-30T16:36:26,033][DEBUG][o.e.a.s.TransportSearchAction] [master] [people][1], node[kcLGvbNZQW2aJ23dRYvpJQ], [P], s[STARTED], a[id=ntclzRouReaZ3-XNc2O4wg]: Failed to execute [SearchRequest{searchType=QUERY_THEN_FETCH, indices=[people], indicesOptions=IndicesOptions[id=38, ignore_unavailable=false, allow_no_indices=true, expand_wildcards_open=true, expand_wildcards_closed=false, allow_alisases_to_multiple_indices=true, forbid_closed_indices=true], types=[], routing='null', preference='null', requestCache=null, scroll=null, maxConcurrentShardRequests=10, batchedReduceSize=512, preFilterShardSize=128, source={
  "from" : 1,
  "size" : 10,
  "query" : {
    "match" : {
      "country" : {
        "query" : "Ireland",
        "operator" : "OR",
        "prefix_length" : 0,
        "max_expansions" : 50,
        "fuzzy_transpositions" : true,
        "lenient" : false,
        "zero_terms_query" : "NONE",
        "boost" : 1.0
      }
    }
  },
  "sort" : [
    {
      "name" : {
        "order" : "desc"
      }
    }
  ]
}}] lastShard [true]
org.elasticsearch.transport.RemoteTransportException: [slave1][127.0.0.1:9301][indices:data/read/search[phase/query]]
Caused by: java.lang.IllegalArgumentException: Fielddata is disabled on text fields by default. Set fielddata=true on [name] in order to load fielddata in memory by uninverting the inverted index. Note that this can however use significant memory. Alternatively use a keyword field instead.
	at org.elasticsearch.index.mapper.TextFieldMapper$TextFieldType.fielddataBuilder(TextFieldMapper.java:336) ~[elasticsearch-5.6.0.jar:5.6.0]
	at org.elasticsearch.index.fielddata.IndexFieldDataService.getForField(IndexFieldDataService.java:111) ~[elasticsearch-5.6.0.jar:5.6.0]
	at org.elasticsearch.index.query.QueryShardContext.getForField(QueryShardContext.java:166) ~[elasticsearch-5.6.0.jar:5.6.0]
	at org.elasticsearch.search.sort.FieldSortBuilder.build(FieldSortBuilder.java:277) ~[elasticsearch-5.6.0.jar:5.6.0]
	at org.elasticsearch.search.sort.SortBuilder.buildSort(SortBuilder.java:156) ~[elasticsearch-5.6.0.jar:5.6.0]
	at org.elasticsearch.search.SearchService.parseSource(SearchService.java:634) ~[elasticsearch-5.6.0.jar:5.6.0]
	at org.elasticsearch.search.SearchService.createContext(SearchService.java:485) ~[elasticsearch-5.6.0.jar:5.6.0]
	at org.elasticsearch.search.SearchService.createAndPutContext(SearchService.java:461) ~[elasticsearch-5.6.0.jar:5.6.0]
	at org.elasticsearch.search.SearchService.executeQueryPhase(SearchService.java:257) ~[elasticsearch-5.6.0.jar:5.6.0]
	at org.elasticsearch.action.search.SearchTransportService$6.messageReceived(SearchTransportService.java:340) ~[elasticsearch-5.6.0.jar:5.6.0]
	at org.elasticsearch.action.search.SearchTransportService$6.messageReceived(SearchTransportService.java:337) ~[elasticsearch-5.6.0.jar:5.6.0]
	at org.elasticsearch.transport.RequestHandlerRegistry.processMessageReceived(RequestHandlerRegistry.java:69) ~[elasticsearch-5.6.0.jar:5.6.0]
	at org.elasticsearch.transport.TcpTransport$RequestHandler.doRun(TcpTransport.java:1533) ~[elasticsearch-5.6.0.jar:5.6.0]
	at org.elasticsearch.common.util.concurrent.ThreadContext$ContextPreservingAbstractRunnable.doRun(ThreadContext.java:638) ~[elasticsearch-5.6.0.jar:5.6.0]
	at org.elasticsearch.common.util.concurrent.AbstractRunnable.run(AbstractRunnable.java:37) ~[elasticsearch-5.6.0.jar:5.6.0]
	at java.util.concurrent.ThreadPoolExecutor.runWorker(ThreadPoolExecutor.java:1149) ~[?:1.8.0_151]
	at java.util.concurrent.ThreadPoolExecutor$Worker.run(ThreadPoolExecutor.java:624) ~[?:1.8.0_151]
	at java.lang.Thread.run(Thread.java:748) [?:1.8.0_151]
[2020-08-30T16:36:26,064][DEBUG][o.e.a.s.TransportSearchAction] [master] All shards failed for phase: [query]
org.elasticsearch.ElasticsearchException$1: Fielddata is disabled on text fields by default. Set fielddata=true on [name] in order to load fielddata in memory by uninverting the inverted index. Note that this can however use significant memory. Alternatively use a keyword field instead.
	at org.elasticsearch.ElasticsearchException.guessRootCauses(ElasticsearchException.java:618) ~[elasticsearch-5.6.0.jar:5.6.0]
	at org.elasticsearch.action.search.AbstractSearchAsyncAction.executeNextPhase(AbstractSearchAsyncAction.java:126) [elasticsearch-5.6.0.jar:5.6.0]
	at org.elasticsearch.action.search.AbstractSearchAsyncAction.onPhaseDone(AbstractSearchAsyncAction.java:241) [elasticsearch-5.6.0.jar:5.6.0]
	at org.elasticsearch.action.search.InitialSearchPhase.onShardFailure(InitialSearchPhase.java:90) [elasticsearch-5.6.0.jar:5.6.0]
	at org.elasticsearch.action.search.InitialSearchPhase.access$100(InitialSearchPhase.java:46) [elasticsearch-5.6.0.jar:5.6.0]
	at org.elasticsearch.action.search.InitialSearchPhase$1.onFailure(InitialSearchPhase.java:169) [elasticsearch-5.6.0.jar:5.6.0]
	at org.elasticsearch.action.ActionListenerResponseHandler.handleException(ActionListenerResponseHandler.java:51) [elasticsearch-5.6.0.jar:5.6.0]
	at org.elasticsearch.transport.TransportService$ContextRestoreResponseHandler.handleException(TransportService.java:1067) [elasticsearch-5.6.0.jar:5.6.0]
	at org.elasticsearch.transport.TransportService$DirectResponseChannel.processException(TransportService.java:1171) [elasticsearch-5.6.0.jar:5.6.0]
	at org.elasticsearch.transport.TransportService$DirectResponseChannel.sendResponse(TransportService.java:1149) [elasticsearch-5.6.0.jar:5.6.0]
	at org.elasticsearch.transport.TransportService$7.onFailure(TransportService.java:655) [elasticsearch-5.6.0.jar:5.6.0]
	at org.elasticsearch.common.util.concurrent.ThreadContext$ContextPreservingAbstractRunnable.onFailure(ThreadContext.java:623) [elasticsearch-5.6.0.jar:5.6.0]
	at org.elasticsearch.common.util.concurrent.AbstractRunnable.run(AbstractRunnable.java:39) [elasticsearch-5.6.0.jar:5.6.0]
	at java.util.concurrent.ThreadPoolExecutor.runWorker(ThreadPoolExecutor.java:1149) [?:1.8.0_151]
	at java.util.concurrent.ThreadPoolExecutor$Worker.run(ThreadPoolExecutor.java:624) [?:1.8.0_151]
	at java.lang.Thread.run(Thread.java:748) [?:1.8.0_151]
Caused by: java.lang.IllegalArgumentException: Fielddata is disabled on text fields by default. Set fielddata=true on [name] in order to load fielddata in memory by uninverting the inverted index. Note that this can however use significant memory. Alternatively use a keyword field instead.
	at org.elasticsearch.index.mapper.TextFieldMapper$TextFieldType.fielddataBuilder(TextFieldMapper.java:336) ~[elasticsearch-5.6.0.jar:5.6.0]
	at org.elasticsearch.index.fielddata.IndexFieldDataService.getForField(IndexFieldDataService.java:111) ~[elasticsearch-5.6.0.jar:5.6.0]
	at org.elasticsearch.index.query.QueryShardContext.getForField(QueryShardContext.java:166) ~[elasticsearch-5.6.0.jar:5.6.0]
	at org.elasticsearch.search.sort.FieldSortBuilder.build(FieldSortBuilder.java:277) ~[elasticsearch-5.6.0.jar:5.6.0]
	at org.elasticsearch.search.sort.SortBuilder.buildSort(SortBuilder.java:156) ~[elasticsearch-5.6.0.jar:5.6.0]
	at org.elasticsearch.search.SearchService.parseSource(SearchService.java:634) ~[elasticsearch-5.6.0.jar:5.6.0]
	at org.elasticsearch.search.SearchService.createContext(SearchService.java:485) ~[elasticsearch-5.6.0.jar:5.6.0]
	at org.elasticsearch.search.SearchService.createAndPutContext(SearchService.java:461) ~[elasticsearch-5.6.0.jar:5.6.0]
	at org.elasticsearch.search.SearchService.executeQueryPhase(SearchService.java:257) ~[elasticsearch-5.6.0.jar:5.6.0]
	at org.elasticsearch.action.search.SearchTransportService$6.messageReceived(SearchTransportService.java:340) ~[elasticsearch-5.6.0.jar:5.6.0]
	at org.elasticsearch.action.search.SearchTransportService$6.messageReceived(SearchTransportService.java:337) ~[elasticsearch-5.6.0.jar:5.6.0]
	at org.elasticsearch.transport.RequestHandlerRegistry.processMessageReceived(RequestHandlerRegistry.java:69) ~[elasticsearch-5.6.0.jar:5.6.0]
	at org.elasticsearch.transport.TransportService$7.doRun(TransportService.java:644) ~[elasticsearch-5.6.0.jar:5.6.0]
	at org.elasticsearch.common.util.concurrent.ThreadContext$ContextPreservingAbstractRunnable.doRun(ThreadContext.java:638) ~[elasticsearch-5.6.0.jar:5.6.0]
	at org.elasticsearch.common.util.concurrent.AbstractRunnable.run(AbstractRunnable.java:37) ~[elasticsearch-5.6.0.jar:5.6.0]
	... 3 more
